
--- API Call ---
URL: https://api.brightdata.com/datasets/v3/trigger?dataset_id=gd_l1viktl72bvl7bjuj0&include_errors=true
Token: c4bf...89ae
Status: 200
Response: {"snapshot_id":"sd_mnisbjobd4dq4ffoy"}
Scrape Status: 202

--- API Call ---
URL: https://api.brightdata.com/datasets/v3/trigger?dataset_id=gd_l1viktl72bvl7bjuj0&include_errors=true
Token: c4bf...89ae
Status: 200
Response: {"snapshot_id":"sd_mnisdh87uwdqizthk"}
Scrape Status: 200

--- API Call ---
URL: https://api.brightdata.com/datasets/v3/trigger?dataset_id=gd_l1viktl72bvl7bjuj0&include_errors=true
Token: c4bf...89ae
Status: 200
Response: {"snapshot_id":"sd_mnisrndlwnmkchaid"}
Scrape Status: 200

--- API Call ---
URL: https://api.brightdata.com/datasets/v3/trigger?dataset_id=gd_l1viktl72bvl7bjuj0&include_errors=true
Token: c4bf...89ae
Status: 200
Response: {"snapshot_id":"sd_mniuhz7s1d9c2a914e"}
Scrape Status: 200

--- API Call ---
URL: https://api.brightdata.com/datasets/v3/trigger?dataset_id=gd_l1viktl72bvl7bjuj0&include_errors=true
Token: c4bf...89ae
Status: 200
Response: {"snapshot_id":"sd_mniy470o1svbaw9c6h"}
Scrape Status: 200
